Sencha Cmd 6.5.2.15 - Crash report
================================================
An error occurred while executing the following command: app watch

Diagnostic information:
=======================
Error while loading build environment: Failed to load JSON from /home/gejing/eclipse-workspace/tiku/tiku-web-ui/webContent/app.json - com.google.gson.stream.MalformedJsonException: Expected name at line 537 column 6 path $..classic

java.lang.NullPointerException
     at com.sencha.command.Sencha.logCrashToFile(Sencha.java:630)
     at com.sencha.command.Sencha.main(Sencha.java:172)
     at sun.reflect.NativeMethodAccessorImpl.invoke0(Native Method)
     at sun.reflect.NativeMethodAccessorImpl.invoke(NativeMethodAccessorImpl.java:62)
     at sun.reflect.DelegatingMethodAccessorImpl.invoke(DelegatingMethodAccessorImpl.java:43)
     at java.lang.reflect.Method.invoke(Method.java:498)
     at com.exe4j.runtime.LauncherEngine.launch(LauncherEngine.java:65)
     at com.install4j.runtime.launcher.UnixLauncher.main(UnixLauncher.java:57)


Exception information:
=======================
Failed to load JSON from /home/gejing/eclipse-workspace/tiku/tiku-web-ui/webContent/app.json - com.google.gson.stream.MalformedJsonException: Expected name at line 537 column 6 path $..classic
     at com.sencha.util.JsonUtil.loadJson(JsonUtil.java:193)
     at com.sencha.util.JsonUtil.loadJson(JsonUtil.java:177)
     at com.sencha.util.JsonUtil.loadJsonMap(JsonUtil.java:204)
     at com.sencha.command.environment.BuildEnvironment.getRawJsonConfig(BuildEnvironment.java:681)
     at com.sencha.command.environment.BuildEnvironment.loadJsonConfig(BuildEnvironment.java:639)
     at com.sencha.command.environment.BuildEnvironment.loadJsonConfig(BuildEnvironment.java:655)
     at com.sencha.command.environment.AppEnvironment.<init>(AppEnvironment.java:44)
     at com.sencha.command.environment.BuildEnvironment.load(BuildEnvironment.java:109)
     at com.sencha.command.environment.BuildEnvironment.load(BuildEnvironment.java:133)
     at com.sencha.command.environment.BuildEnvironment.load(BuildEnvironment.java:79)
     at com.sencha.command.Sencha.loadBuildEnvironment(Sencha.java:490)
     at com.sencha.command.Sencha.main(Sencha.java:134)
     at sun.reflect.NativeMethodAccessorImpl.invoke0(Native Method)
     at sun.reflect.NativeMethodAccessorImpl.invoke(NativeMethodAccessorImpl.java:62)
     at sun.reflect.DelegatingMethodAccessorImpl.invoke(DelegatingMethodAccessorImpl.java:43)
     at java.lang.reflect.Method.invoke(Method.java:498)
     at com.exe4j.runtime.LauncherEngine.launch(LauncherEngine.java:65)
     at com.install4j.runtime.launcher.UnixLauncher.main(UnixLauncher.java:57)
   Caused by: com.google.gson.stream.MalformedJsonException: Expected name at line 537 column 6 path $..classic
     at com.google.gson.Gson.fromJson(Gson.java:902)
     at com.google.gson.Gson.fromJson(Gson.java:852)
     at com.google.gson.Gson.fromJson(Gson.java:801)
     at com.sencha.util.JsonUtil$ThreadSafeGson.fromJson(JsonUtil.java:397)
     at com.sencha.util.JsonUtil.fromJson(JsonUtil.java:151)
     at com.sencha.util.JsonUtil.loadJson(JsonUtil.java:191)
     at com.sencha.util.JsonUtil.loadJson(JsonUtil.java:177)
     at com.sencha.util.JsonUtil.loadJsonMap(JsonUtil.java:204)
     at com.sencha.command.environment.BuildEnvironment.getRawJsonConfig(BuildEnvironment.java:681)
     at com.sencha.command.environment.BuildEnvironment.loadJsonConfig(BuildEnvironment.java:639)
     at com.sencha.command.environment.BuildEnvironment.loadJsonConfig(BuildEnvironment.java:655)
     at com.sencha.command.environment.AppEnvironment.<init>(AppEnvironment.java:44)
     at com.sencha.command.environment.BuildEnvironment.load(BuildEnvironment.java:109)
     at com.sencha.command.environment.BuildEnvironment.load(BuildEnvironment.java:133)
     at com.sencha.command.environment.BuildEnvironment.load(BuildEnvironment.java:79)
     at com.sencha.command.Sencha.loadBuildEnvironment(Sencha.java:490)
     at com.sencha.command.Sencha.main(Sencha.java:134)
     at sun.reflect.NativeMethodAccessorImpl.invoke0(Native Method)
     at sun.reflect.NativeMethodAccessorImpl.invoke(NativeMethodAccessorImpl.java:62)
     at sun.reflect.DelegatingMethodAccessorImpl.invoke(DelegatingMethodAccessorImpl.java:43)
     at java.lang.reflect.Method.invoke(Method.java:498)
     at com.exe4j.runtime.LauncherEngine.launch(LauncherEngine.java:65)
     at com.install4j.runtime.launcher.UnixLauncher.main(UnixLauncher.java:57)
   Caused by: Expected name at line 537 column 6 path $..classic
     at com.google.gson.stream.JsonReader.syntaxError(JsonReader.java:1559)
     at com.google.gson.stream.JsonReader.doPeek(JsonReader.java:505)
     at com.google.gson.stream.JsonReader.hasNext(JsonReader.java:414)
     at com.google.gson.internal.bind.ObjectTypeAdapter.read(ObjectTypeAdapter.java:69)
     at com.google.gson.internal.bind.TypeAdapterRuntimeTypeWrapper.read(TypeAdapterRuntimeTypeWrapper.java:41)
     at com.google.gson.internal.bind.MapTypeAdapterFactory$Adapter.read(MapTypeAdapterFactory.java:187)
     at com.google.gson.internal.bind.MapTypeAdapterFactory$Adapter.read(MapTypeAdapterFactory.java:145)
     at com.google.gson.Gson.fromJson(Gson.java:887)
     at com.google.gson.Gson.fromJson(Gson.java:852)
     at com.google.gson.Gson.fromJson(Gson.java:801)
     at com.sencha.util.JsonUtil$ThreadSafeGson.fromJson(JsonUtil.java:397)
     at com.sencha.util.JsonUtil.fromJson(JsonUtil.java:151)
     at com.sencha.util.JsonUtil.loadJson(JsonUtil.java:191)
     at com.sencha.util.JsonUtil.loadJson(JsonUtil.java:177)
     at com.sencha.util.JsonUtil.loadJsonMap(JsonUtil.java:204)
     at com.sencha.command.environment.BuildEnvironment.getRawJsonConfig(BuildEnvironment.java:681)
     at com.sencha.command.environment.BuildEnvironment.loadJsonConfig(BuildEnvironment.java:639)
     at com.sencha.command.environment.BuildEnvironment.loadJsonConfig(BuildEnvironment.java:655)
     at com.sencha.command.environment.AppEnvironment.<init>(AppEnvironment.java:44)
     at com.sencha.command.environment.BuildEnvironment.load(BuildEnvironment.java:109)
     at com.sencha.command.environment.BuildEnvironment.load(BuildEnvironment.java:133)
     at com.sencha.command.environment.BuildEnvironment.load(BuildEnvironment.java:79)
     at com.sencha.command.Sencha.loadBuildEnvironment(Sencha.java:490)
     at com.sencha.command.Sencha.main(Sencha.java:134)
     at sun.reflect.NativeMethodAccessorImpl.invoke0(Native Method)
     at sun.reflect.NativeMethodAccessorImpl.invoke(NativeMethodAccessorImpl.java:62)
     at sun.reflect.DelegatingMethodAccessorImpl.invoke(DelegatingMethodAccessorImpl.java:43)
     at java.lang.reflect.Method.invoke(Method.java:498)
     at com.exe4j.runtime.LauncherEngine.launch(LauncherEngine.java:65)
     at com.install4j.runtime.launcher.UnixLauncher.main(UnixLauncher.java:57)

